Flutter crash report.
Please report a bug at https://github.com/flutter/flutter/issues.

## command

flutter run

## exception

RPCError: getIsolate: (-32603) getIsolate: Invalid argument (isolateId): Unrecognized isolate id. (Supported isolate: 665): "1"
#0      ChromeProxyService._getIsolate (package:dwds/src/services/chrome_proxy_service.dart:505:5)
#1      ChromeProxyService.getIsolate.<anonymous closure> (package:dwds/src/services/chrome_proxy_service.dart:513:14)
<asynchronous suspension>
#2      StackZoneSpecification._registerUnaryCallback.<anonymous closure> (package:stack_trace/src/stack_zone_specification.dart:125:47)
<asynchronous suspension>


```
#0      new _OutstandingRequest (package:vm_service/src/vm_service.dart:1734:45)
#1      VmService._call (package:vm_service/src/vm_service.dart:2245:21)
#2      VmService.getIsolate (package:vm_service/src/vm_service.dart:1974:7)
#3      FlutterVmService.getIsolateOrNull (package:flutter_tools/src/vmservice.dart:903:20)
#4      FlutterVmService.findExtensionIsolate (package:flutter_tools/src/vmservice.dart:868:51)
<asynchronous suspension>
#5      FlutterResidentDevtoolsHandler._waitForExtensionsForDevice (package:flutter_tools/src/resident_devtools_handler.dart:181:7)
<asynchronous suspension>
#6      Future.wait.<anonymous closure> (dart:async/future.dart:521:21)
<asynchronous suspension>
#7      FlutterResidentDevtoolsHandler._devicesWithExtensions (package:flutter_tools/src/resident_devtools_handler.dart:171:41)
<asynchronous suspension>
#8      FlutterResidentDevtoolsHandler.serveAndAnnounceDevTools (package:flutter_tools/src/resident_devtools_handler.dart:94:54)
<asynchronous suspension>
```

## flutter doctor

```
[✓] Flutter (Channel stable, 3.0.2, on macOS 12.1 21C52 darwin-arm, locale en-AU)
    • Flutter version 3.0.2 at /Users/admin/Development/flutter
    • Upstream repository https://github.com/flutter/flutter.git
    • Framework revision cd41fdd495 (4 days ago), 2022-06-08 09:52:13 -0700
    • Engine revision f15f824b57
    • Dart version 2.17.3
    • DevTools version 2.12.2

[!] Android toolchain - develop for Android devices (Android SDK version 32.1.0-rc1)
    • Android SDK at /Users/admin/Library/Android/sdk
    ✗ cmdline-tools component is missing
      Run `path/to/sdkmanager --install "cmdline-tools;latest"`
      See https://developer.android.com/studio/command-line for more details.
    ✗ Android license status unknown.
      Run `flutter doctor --android-licenses` to accept the SDK licenses.
      See https://flutter.dev/docs/get-started/install/macos#android-setup for more details.

[!] Xcode - develop for iOS and macOS (Xcode 13.4.1)
    • Xcode at /Applications/Xcode.app/Contents/Developer
    ✗ CocoaPods not installed.
        CocoaPods is used to retrieve the iOS and macOS platform side's plugin code that responds to your plugin usage on the Dart
        side.
        Without CocoaPods, plugins will not work on iOS or macOS.
        For more info, see https://flutter.dev/platform-plugins
      To install see https://guides.cocoapods.org/using/getting-started.html#installation for instructions.

[✓] Chrome - develop for the web
    • Chrome at /Applications/Google Chrome.app/Contents/MacOS/Google Chrome

[✓] Android Studio (version 2021.1)
    • Android Studio at /Applications/Android Studio.app/Contents
    • Flutter plugin can be installed from:
      🔨 https://plugins.jetbrains.com/plugin/9212-flutter
    • Dart plugin can be installed from:
      🔨 https://plugins.jetbrains.com/plugin/6351-dart
    • Java version OpenJDK Runtime Environment (build 11.0.11+0-b60-7772763)

[✓] VS Code (version 1.68.0)
    • VS Code at /Applications/Visual Studio Code.app/Contents
    • Flutter extension version 3.42.0

[✓] Connected device (2 available)
    • macOS (desktop) • macos  • darwin-arm64   • macOS 12.1 21C52 darwin-arm
    • Chrome (web)    • chrome • web-javascript • Google Chrome 102.0.5005.115

[✓] HTTP Host Availability
    • All required HTTP hosts are available

! Doctor found issues in 2 categories.
```
